2022-07-24 11:11:25,666 : [INFO] : start programm with dataset range - 1000000
2022-07-24 11:11:25,667 : [INFO] : open xlsx
2022-07-24 11:13:12,469 : [INFO] : xlsx in csv
2022-07-24 11:13:19,210 : [INFO] : calculating
2022-07-24 11:13:34,231 : [INFO] : cleaning csv
2022-07-24 11:13:35,459 : [WARNING] : fixed row; row index - 5511
2022-07-24 11:13:35,498 : [WARNING] : fixed row; row index - 10898
2022-07-24 11:13:35,795 : [WARNING] : fixed row; row index - 45269
2022-07-24 11:13:35,844 : [WARNING] : fixed row; row index - 49908
2022-07-24 11:13:35,926 : [WARNING] : fixed row; row index - 57657
2022-07-24 11:13:35,954 : [WARNING] : fixed row; row index - 59964
2022-07-24 11:13:36,218 : [WARNING] : fixed row; row index - 83997
2022-07-24 11:13:36,586 : [WARNING] : fixed row; row index - 130977
2022-07-24 11:13:36,607 : [WARNING] : fixed row; row index - 133969
2022-07-24 11:13:36,798 : [WARNING] : fixed row; row index - 158887
2022-07-24 11:13:37,004 : [WARNING] : fixed row; row index - 185393
2022-07-24 11:13:37,412 : [WARNING] : fixed row; row index - 237645
2022-07-24 11:13:37,451 : [WARNING] : fixed row; row index - 242482
2022-07-24 11:13:37,718 : [WARNING] : fixed row; row index - 272844
2022-07-24 11:13:37,877 : [WARNING] : fixed row; row index - 292055
2022-07-24 11:13:38,045 : [WARNING] : fixed row; row index - 313280
2022-07-24 11:13:38,066 : [WARNING] : fixed row; row index - 316038
2022-07-24 11:13:38,127 : [WARNING] : fixed row; row index - 323971
2022-07-24 11:13:38,285 : [WARNING] : fixed row; row index - 344468
2022-07-24 11:13:38,399 : [WARNING] : fixed row; row index - 359404
2022-07-24 11:13:38,429 : [WARNING] : fixed row; row index - 363095
2022-07-24 11:13:38,430 : [WARNING] : fixed row; row index - 363131
2022-07-24 11:13:38,440 : [WARNING] : fixed row; row index - 364460
2022-07-24 11:13:38,456 : [WARNING] : fixed row; row index - 366606
2022-07-24 11:13:38,538 : [WARNING] : fixed row; row index - 376160
2022-07-24 11:13:38,579 : [WARNING] : fixed row; row index - 381501
2022-07-24 11:13:38,660 : [WARNING] : fixed row; row index - 392396
2022-07-24 11:13:38,677 : [WARNING] : fixed row; row index - 394534
2022-07-24 11:13:38,708 : [WARNING] : fixed row; row index - 398260
2022-07-24 11:13:38,713 : [WARNING] : fixed row; row index - 398542
2022-07-24 11:13:38,713 : [WARNING] : fixed row; row index - 398565
2022-07-24 11:13:38,740 : [WARNING] : fixed row; row index - 401843
2022-07-24 11:13:38,740 : [WARNING] : fixed row; row index - 401886
2022-07-24 11:13:38,800 : [WARNING] : fixed row; row index - 409441
2022-07-24 11:13:38,894 : [WARNING] : fixed row; row index - 421686
2022-07-24 11:13:38,988 : [WARNING] : fixed row; row index - 433427
2022-07-24 11:13:39,082 : [WARNING] : fixed row; row index - 445445
2022-07-24 11:13:39,143 : [WARNING] : fixed row; row index - 453731
2022-07-24 11:13:39,154 : [WARNING] : fixed row; row index - 455091
2022-07-24 11:13:39,337 : [WARNING] : fixed row; row index - 478322
2022-07-24 11:13:39,362 : [WARNING] : fixed row; row index - 481449
2022-07-24 11:13:39,365 : [WARNING] : fixed row; row index - 481775
2022-07-24 11:13:39,396 : [WARNING] : fixed row; row index - 485622
2022-07-24 11:13:39,448 : [WARNING] : fixed row; row index - 492223
2022-07-24 11:13:39,558 : [WARNING] : fixed row; row index - 506477
2022-07-24 11:13:39,567 : [WARNING] : fixed row; row index - 507672
2022-07-24 11:13:39,635 : [WARNING] : fixed row; row index - 516780
2022-07-24 11:13:39,656 : [WARNING] : fixed row; row index - 519706
2022-07-24 11:13:39,675 : [WARNING] : fixed row; row index - 522278
2022-07-24 11:13:39,676 : [WARNING] : fixed row; row index - 522341
2022-07-24 11:13:39,677 : [WARNING] : fixed row; row index - 522473
2022-07-24 11:13:39,862 : [WARNING] : fixed row; row index - 546064
2022-07-24 11:13:39,862 : [WARNING] : fixed row; row index - 546077
2022-07-24 11:13:40,066 : [WARNING] : fixed row; row index - 572604
2022-07-24 11:13:40,107 : [WARNING] : fixed row; row index - 578174
2022-07-24 11:13:40,137 : [WARNING] : fixed row; row index - 582269
2022-07-24 11:13:40,140 : [WARNING] : fixed row; row index - 582659
2022-07-24 11:13:40,185 : [WARNING] : fixed row; row index - 588944
2022-07-24 11:13:40,307 : [WARNING] : fixed row; row index - 605587
2022-07-24 11:13:40,335 : [WARNING] : fixed row; row index - 609562
2022-07-24 11:13:40,341 : [WARNING] : fixed row; row index - 610374
2022-07-24 11:13:40,369 : [WARNING] : fixed row; row index - 614238
2022-07-24 11:13:40,379 : [WARNING] : fixed row; row index - 615734
2022-07-24 11:13:40,424 : [WARNING] : fixed row; row index - 621839
2022-07-24 11:13:40,438 : [WARNING] : fixed row; row index - 623659
2022-07-24 11:13:40,439 : [WARNING] : fixed row; row index - 623783
2022-07-24 11:13:40,439 : [WARNING] : fixed row; row index - 623820
2022-07-24 11:13:40,439 : [WARNING] : fixed row; row index - 623838
2022-07-24 11:13:40,440 : [WARNING] : fixed row; row index - 623892
2022-07-24 11:13:40,441 : [WARNING] : fixed row; row index - 624116
2022-07-24 11:13:40,462 : [WARNING] : fixed row; row index - 626677
2022-07-24 11:13:40,463 : [WARNING] : fixed row; row index - 626860
2022-07-24 11:13:40,500 : [WARNING] : fixed row; row index - 631684
2022-07-24 11:13:40,500 : [WARNING] : fixed row; row index - 631759
2022-07-24 11:13:40,557 : [WARNING] : fixed row; row index - 640445
2022-07-24 11:13:40,573 : [WARNING] : fixed row; row index - 642152
2022-07-24 11:13:40,603 : [WARNING] : fixed row; row index - 646548
2022-07-24 11:13:40,694 : [WARNING] : fixed row; row index - 659634
2022-07-24 11:13:40,814 : [WARNING] : fixed row; row index - 669631
2022-07-24 11:13:40,823 : [WARNING] : fixed row; row index - 670939
2022-07-24 11:13:40,837 : [WARNING] : fixed row; row index - 672523
2022-07-24 11:13:40,876 : [WARNING] : fixed row; row index - 677787
2022-07-24 11:13:40,961 : [WARNING] : fixed row; row index - 689544
2022-07-24 11:13:41,046 : [WARNING] : fixed row; row index - 700896
2022-07-24 11:13:41,096 : [WARNING] : fixed row; row index - 707697
2022-07-24 11:13:41,142 : [WARNING] : fixed row; row index - 714237
2022-07-24 11:13:41,250 : [WARNING] : fixed row; row index - 729050
2022-07-24 11:13:41,343 : [WARNING] : fixed row; row index - 741857
2022-07-24 11:13:41,418 : [WARNING] : fixed row; row index - 752488
2022-07-24 11:13:41,421 : [WARNING] : fixed row; row index - 752806
2022-07-24 11:13:41,450 : [WARNING] : fixed row; row index - 756516
2022-07-24 11:13:41,489 : [WARNING] : fixed row; row index - 761611
2022-07-24 11:13:41,526 : [WARNING] : fixed row; row index - 766411
2022-07-24 11:13:41,550 : [WARNING] : fixed row; row index - 769692
2022-07-24 11:13:41,588 : [WARNING] : fixed row; row index - 774787
2022-07-24 11:13:41,700 : [WARNING] : fixed row; row index - 790118
